sds
Compiled application.js  (77ms)  (pid 6426)
Compiled jquery.js  (14ms)  (pid 6426)
Compiled jquery_ujs.js  (0ms)  (pid 6426)
Compiled bootstrap.js  (15ms)  (pid 6426)
Compiled easing.js  (0ms)  (pid 6426)
Compiled home.js  (112ms)  (pid 6426)
Compiled loader.js  (52ms)  (pid 6426)
Compiled projects.js  (49ms)  (pid 6426)
Compiled services.js  (1ms)  (pid 6426)
Compiled application.css  (14ms)  (pid 6426)
Compiled bootstrap_importer.css  (0ms)  (pid 6426)
Compiled home.css  (82ms)  (pid 6426)
Compiled portfolio.css  (11ms)  (pid 6426)
Compiled projects.css  (6ms)  (pid 6426)
Compiled revolutionaries.css  (5ms)  (pid 6426)
Compiled services.css  (23ms)  (pid 6426)
Compiled application.js  (14ms)  (pid 5469)
Compiled jquery.js  (5ms)  (pid 5469)
Compiled jquery_ujs.js  (0ms)  (pid 5469)
Compiled bootstrap.js  (0ms)  (pid 5469)
Compiled easing.js  (1ms)  (pid 5469)
Compiled home.js  (204ms)  (pid 5469)
Compiled loader.js  (0ms)  (pid 5469)
Compiled projects.js  (0ms)  (pid 5469)
Compiled services.js  (4ms)  (pid 5469)
Compiled application.css  (5ms)  (pid 5469)
Compiled bootstrap_importer.css  (1ms)  (pid 5469)
Compiled home.css  (0ms)  (pid 5469)
Compiled portfolio.css  (0ms)  (pid 5469)
Compiled projects.css  (0ms)  (pid 5469)
Compiled revolutionaries.css  (0ms)  (pid 5469)
Compiled services.css  (0ms)  (pid 5469)
Compiled sign_in.css  (0ms)  (pid 5469)
Compiled user_display.css  (0ms)  (pid 5469)
Compiled rails_admin/jquery.colorpicker.js  (1ms)  (pid 5469)
Compiled rails_admin/rails_admin.js  (52ms)  (pid 5469)
Compiled jquery.remotipart.js  (4ms)  (pid 5469)
Compiled jquery.iframe-transport.js  (1ms)  (pid 5469)
Compiled jquery.effects.core.js  (0ms)  (pid 5469)
Compiled jquery.ui.sortable.js  (9ms)  (pid 5469)
Compiled jquery.ui.core.js  (4ms)  (pid 5469)
Compiled jquery.ui.widget.js  (0ms)  (pid 5469)
Compiled jquery.ui.mouse.js  (5ms)  (pid 5469)
Compiled jquery.ui.autocomplete.js  (13ms)  (pid 5469)
Compiled jquery.ui.position.js  (0ms)  (pid 5469)
Compiled jquery.ui.datepicker.js  (4ms)  (pid 5469)
Compiled rails_admin/jquery.ui.timepicker.js  (2ms)  (pid 5469)
Compiled rails_admin/ra.datetimepicker.js  (0ms)  (pid 5469)
Compiled rails_admin/ra.filter-box.js  (0ms)  (pid 5469)
Compiled rails_admin/ra.filtering-multiselect.js  (0ms)  (pid 5469)
Compiled rails_admin/ra.filtering-select.js  (0ms)  (pid 5469)
Compiled rails_admin/ra.remote-form.js  (0ms)  (pid 5469)
Compiled rails_admin/jquery.pjax.js  (0ms)  (pid 5469)
Compiled jquery_nested_form.js  (0ms)  (pid 5469)
Compiled rails_admin/ra.nested-form-hooks.js  (29ms)  (pid 5469)
Compiled rails_admin/ui.js  (27ms)  (pid 5469)
Compiled rails_admin/themes/default/ui.js  (0ms)  (pid 5469)
Compiled rails_admin/custom/ui.js  (0ms)  (pid 5469)
Compiled rails_admin/jquery.colorpicker.css  (149ms)  (pid 5469)
Compiled rails_admin/rails_admin.css  (3ms)  (pid 5469)
Compiled application.js  (15ms)  (pid 5867)
Compiled jquery.js  (57ms)  (pid 5867)
Compiled jquery_ujs.js  (0ms)  (pid 5867)
Compiled bootstrap.js  (0ms)  (pid 5867)
Compiled easing.js  (1ms)  (pid 5867)
Compiled home.js  (217ms)  (pid 5867)
Compiled loader.js  (0ms)  (pid 5867)
Compiled projects.js  (0ms)  (pid 5867)
Compiled services.js  (4ms)  (pid 5867)
Compiled application.css  (8ms)  (pid 5867)
Compiled bootstrap_importer.css  (1ms)  (pid 5867)
Compiled home.css  (0ms)  (pid 5867)
Compiled portfolio.css  (0ms)  (pid 5867)
Compiled projects.css  (0ms)  (pid 5867)
Compiled revolutionaries.css  (0ms)  (pid 5867)
Compiled services.css  (0ms)  (pid 5867)
Compiled sign_in.css  (0ms)  (pid 5867)
Compiled user_display.css  (0ms)  (pid 5867)
Compiled rails_admin/jquery.colorpicker.js  (1ms)  (pid 5867)
Compiled rails_admin/rails_admin.js  (65ms)  (pid 5867)
Compiled jquery.remotipart.js  (5ms)  (pid 5867)
Compiled jquery.iframe-transport.js  (1ms)  (pid 5867)
Compiled jquery.effects.core.js  (1ms)  (pid 5867)
Compiled jquery.ui.sortable.js  (10ms)  (pid 5867)
Compiled jquery.ui.core.js  (5ms)  (pid 5867)
Compiled jquery.ui.widget.js  (0ms)  (pid 5867)
Compiled jquery.ui.mouse.js  (6ms)  (pid 5867)
Compiled jquery.ui.autocomplete.js  (9ms)  (pid 5867)
Compiled jquery.ui.position.js  (1ms)  (pid 5867)
Compiled jquery.ui.datepicker.js  (5ms)  (pid 5867)
Compiled rails_admin/jquery.ui.timepicker.js  (2ms)  (pid 5867)
Compiled rails_admin/ra.datetimepicker.js  (0ms)  (pid 5867)
Compiled rails_admin/ra.filter-box.js  (0ms)  (pid 5867)
Compiled rails_admin/ra.filtering-multiselect.js  (0ms)  (pid 5867)
Compiled rails_admin/ra.filtering-select.js  (0ms)  (pid 5867)
Compiled rails_admin/ra.remote-form.js  (0ms)  (pid 5867)
Compiled rails_admin/jquery.pjax.js  (0ms)  (pid 5867)
Compiled jquery_nested_form.js  (0ms)  (pid 5867)
Compiled rails_admin/ra.nested-form-hooks.js  (33ms)  (pid 5867)
Compiled rails_admin/ui.js  (87ms)  (pid 5867)
Compiled rails_admin/themes/default/ui.js  (0ms)  (pid 5867)
Compiled rails_admin/custom/ui.js  (1ms)  (pid 5867)
Compiled rails_admin/jquery.colorpicker.css  (91ms)  (pid 5867)
Compiled rails_admin/rails_admin.css  (3ms)  (pid 5867)
Compiled application.js  (14ms)  (pid 9001)
Compiled jquery.js  (55ms)  (pid 9001)
Compiled jquery_ujs.js  (0ms)  (pid 9001)
Compiled bootstrap.js  (0ms)  (pid 9001)
Compiled easing.js  (1ms)  (pid 9001)
Compiled home.js  (200ms)  (pid 9001)
Compiled loader.js  (0ms)  (pid 9001)
Compiled projects.js  (0ms)  (pid 9001)
Compiled services.js  (4ms)  (pid 9001)
Compiled application.css  (23ms)  (pid 9001)
Compiled bootstrap_importer.css  (23ms)  (pid 9001)
Compiled home.css  (16ms)  (pid 9001)
Compiled portfolio.css  (10ms)  (pid 9001)
Compiled projects.css  (4ms)  (pid 9001)
Compiled revolutionaries.css  (11ms)  (pid 9001)
Compiled services.css  (6ms)  (pid 9001)
Compiled sign_in.css  (0ms)  (pid 9001)
Compiled user_display.css  (0ms)  (pid 9001)
Compiled rails_admin/jquery.colorpicker.js  (1ms)  (pid 9001)
Compiled rails_admin/rails_admin.js  (54ms)  (pid 9001)
Compiled jquery.remotipart.js  (24ms)  (pid 9001)
Compiled jquery.iframe-transport.js  (1ms)  (pid 9001)
Compiled jquery.effects.core.js  (14ms)  (pid 9001)
Compiled jquery.ui.sortable.js  (10ms)  (pid 9001)
Compiled jquery.ui.core.js  (13ms)  (pid 9001)
Compiled jquery.ui.widget.js  (1ms)  (pid 9001)
Compiled jquery.ui.mouse.js  (6ms)  (pid 9001)
Compiled jquery.ui.autocomplete.js  (9ms)  (pid 9001)
Compiled jquery.ui.position.js  (1ms)  (pid 9001)
Compiled jquery.ui.datepicker.js  (5ms)  (pid 9001)
Compiled rails_admin/jquery.ui.timepicker.js  (2ms)  (pid 9001)
Compiled rails_admin/ra.datetimepicker.js  (0ms)  (pid 9001)
Compiled rails_admin/ra.filter-box.js  (0ms)  (pid 9001)
Compiled rails_admin/ra.filtering-multiselect.js  (0ms)  (pid 9001)
Compiled rails_admin/ra.filtering-select.js  (0ms)  (pid 9001)
Compiled rails_admin/ra.remote-form.js  (0ms)  (pid 9001)
Compiled rails_admin/jquery.pjax.js  (0ms)  (pid 9001)
Compiled jquery_nested_form.js  (7ms)  (pid 9001)
Compiled rails_admin/ra.nested-form-hooks.js  (30ms)  (pid 9001)
Compiled rails_admin/ui.js  (31ms)  (pid 9001)
Compiled rails_admin/themes/default/ui.js  (0ms)  (pid 9001)
Compiled rails_admin/custom/ui.js  (0ms)  (pid 9001)
Compiled rails_admin/jquery.colorpicker.css  (73ms)  (pid 9001)
Compiled rails_admin/rails_admin.css  (3ms)  (pid 9001)
Compiled rails_admin/imports.css  (6390ms)  (pid 9001)
Compiled application.js  (79ms)  (pid 8993)
Compiled jquery.js  (62ms)  (pid 8993)
Compiled jquery_ujs.js  (1ms)  (pid 8993)
Compiled bootstrap.js  (8ms)  (pid 8993)
Compiled easing.js  (12ms)  (pid 8993)
Compiled home.js  (277ms)  (pid 8993)
Compiled loader.js  (8ms)  (pid 8993)
Compiled projects.js  (11ms)  (pid 8993)
Compiled services.js  (58ms)  (pid 8993)
Compiled application.css  (19ms)  (pid 8993)
Compiled bootstrap_importer.css  (24ms)  (pid 8993)
Compiled home.css  (15ms)  (pid 8993)
Compiled portfolio.css  (10ms)  (pid 8993)
Compiled projects.css  (5ms)  (pid 8993)
Compiled revolutionaries.css  (11ms)  (pid 8993)
Compiled services.css  (6ms)  (pid 8993)
Compiled sign_in.css  (0ms)  (pid 8993)
Compiled user_display.css  (0ms)  (pid 8993)
Compiled rails_admin/jquery.colorpicker.js  (1ms)  (pid 8993)
Compiled rails_admin/rails_admin.js  (53ms)  (pid 8993)
Compiled jquery.remotipart.js  (18ms)  (pid 8993)
Compiled jquery.iframe-transport.js  (1ms)  (pid 8993)
Compiled jquery.effects.core.js  (14ms)  (pid 8993)
Compiled jquery.ui.sortable.js  (10ms)  (pid 8993)
Compiled jquery.ui.core.js  (13ms)  (pid 8993)
Compiled jquery.ui.widget.js  (1ms)  (pid 8993)
Compiled jquery.ui.mouse.js  (6ms)  (pid 8993)
Compiled jquery.ui.autocomplete.js  (9ms)  (pid 8993)
Compiled jquery.ui.position.js  (1ms)  (pid 8993)
Compiled jquery.ui.datepicker.js  (5ms)  (pid 8993)
Compiled rails_admin/jquery.ui.timepicker.js  (2ms)  (pid 8993)
Compiled rails_admin/ra.datetimepicker.js  (0ms)  (pid 8993)
Compiled rails_admin/ra.filter-box.js  (0ms)  (pid 8993)
Compiled rails_admin/ra.filtering-multiselect.js  (0ms)  (pid 8993)
Compiled rails_admin/ra.filtering-select.js  (0ms)  (pid 8993)
Compiled rails_admin/ra.remote-form.js  (0ms)  (pid 8993)
Compiled rails_admin/jquery.pjax.js  (0ms)  (pid 8993)
Compiled jquery_nested_form.js  (14ms)  (pid 8993)
Compiled rails_admin/ra.nested-form-hooks.js  (31ms)  (pid 8993)
Compiled rails_admin/ui.js  (26ms)  (pid 8993)
Compiled rails_admin/themes/default/ui.js  (0ms)  (pid 8993)
Compiled rails_admin/custom/ui.js  (0ms)  (pid 8993)
Compiled rails_admin/jquery.colorpicker.css  (74ms)  (pid 8993)
Compiled rails_admin/rails_admin.css  (3ms)  (pid 8993)
Compiled rails_admin/imports.css  (6513ms)  (pid 8993)
